[debug] [2025-11-14T03:59:38.662Z] ----------------------------------------------------------------------
[debug] [2025-11-14T03:59:38.666Z] Command:       /nix/store/ws50yvm6vzlzf7jzz6n7xh4szddrack1-nodejs-20.19.1/bin/node /nix/store/f77kilzcw5hh2gidh22k6pj8cp7pxp7h-firebase-tools-14.22.0/lib/node_modules/firebase-tools/lib/bin/firebase.js init hosting
[debug] [2025-11-14T03:59:38.668Z] CLI Version:   14.22.0
[debug] [2025-11-14T03:59:38.668Z] Platform:      linux
[debug] [2025-11-14T03:59:38.668Z] Node Version:  v20.19.1
[debug] [2025-11-14T03:59:38.669Z] Time:          Fri Nov 14 2025 03:59:38 GMT+0000 (Coordinated Universal Time)
[debug] [2025-11-14T03:59:38.669Z] ----------------------------------------------------------------------
[debug] 
[debug] [2025-11-14T03:59:38.678Z] No OAuth tokens found
[debug] [2025-11-14T03:59:38.679Z] No OAuth tokens found
[error] Failed to fetch Firebase Project from current Studio Workspace: Unable to refresh auth: not yet authenticated.
[info] 
     ######## #### ########  ######## ########     ###     ######  ########
     ##        ##  ##     ## ##       ##     ##  ##   ##  ##       ##
     ######    ##  ########  ######   ########  #########  ######  ######
     ##        ##  ##    ##  ##       ##     ## ##     ##       ## ##
     ##       #### ##     ## ######## ########  ##     ##  ######  ########

You're about to initialize a Firebase project in this directory:

  /home/user/aether

[info] 
=== Project Setup
[info] 
[info] First, let's associate this project directory with a Firebase project.
[info] You can create multiple project aliases by running firebase use --add, 
[info] 
[debug] [2025-11-14T04:00:22.395Z] > command requires scopes: ["email","openid","https://www.googleapis.com/auth/cloudplatformprojects.readonly","https://www.googleapis.com/auth/firebase","https://www.googleapis.com/auth/cloud-platform","https://www.googleapis.com/auth/userinfo.email"]
[debug] [2025-11-14T04:00:27.951Z] Running auto auth
[debug] [2025-11-14T04:00:27.982Z] No OAuth tokens found
[debug] [2025-11-14T04:00:27.991Z] >>> [apiv2][query] GET https://firebase.googleapis.com/v1beta1/projects pageSize=100
[debug] [2025-11-14T04:00:28.366Z] <<< [apiv2][status] GET https://firebase.googleapis.com/v1beta1/projects 200
[debug] [2025-11-14T04:00:28.368Z] <<< [apiv2][body] GET https://firebase.googleapis.com/v1beta1/projects [omitted]
[info] 
=== Hosting Setup
[debug] [2025-11-14T04:00:54.087Z] No OAuth tokens found
[debug] [2025-11-14T04:00:54.087Z] >>> [apiv2][query] GET https://firebase.googleapis.com/v1beta1/projects/aether-76246245-ac1eb [none]
[debug] [2025-11-14T04:00:54.400Z] <<< [apiv2][status] GET https://firebase.googleapis.com/v1beta1/projects/aether-76246245-ac1eb 200
[debug] [2025-11-14T04:00:54.400Z] <<< [apiv2][body] GET https://firebase.googleapis.com/v1beta1/projects/aether-76246245-ac1eb {"projectId":"aether-76246245-ac1eb","projectNumber":"197218202683","displayName":"Firebase app","name":"projects/aether-76246245-ac1eb","resources":{"hostingSite":"aether-76246245-ac1eb"},"state":"ACTIVE","etag":"1_ba751629-5ff1-4712-a7e6-cc2e17906e74"}
